   *** Start: Program SPS - Version 2018-9.0
   *** Start: Program SOFILOAD urs:1   
   SOFiSTiK 2018-9.0.11    SOFILOAD - LOAD GENERATOR
   Output on file sim_31.plb
   Project data base var_31.cdb           -     8. access
   +++++ warning no. 10270 in program SL_IA
   There are actions defined, but the load case 1001 has not been assigned to
   an action, if that is intended, please spcify TYPE "NONE".
   +++++ warning no. 10270 in program SL_IA
   There are actions defined, but the load case 1002 has not been assigned to
   an action, if that is intended, please spcify TYPE "NONE".
   +++++ warning no. 10270 in program SL_IA
   There are actions defined, but the load case 1003 has not been assigned to
   an action, if that is intended, please spcify TYPE "NONE".
   +++++ warning no. 10270 in program SL_IA
   There are actions defined, but the load case 1004 has not been assigned to
   an action, if that is intended, please spcify TYPE "NONE".
   +++++ warning no. 10270 in program SL_IA
   There are actions defined, but the load case 1005 has not been assigned to
   an action, if that is intended, please spcify TYPE "NONE".
   +++++ warning no. 10270 in program SL_IA
   There are actions defined, but the load case 1006 has not been assigned to
   an action, if that is intended, please spcify TYPE "NONE".
   +++++ warning no. 10270 in program SL_IA
   There are actions defined, but the load case 1007 has not been assigned to
   an action, if that is intended, please spcify TYPE "NONE".
   +++++ warning no. 10270 in program SL_IA
   There are actions defined, but the load case 1008 has not been assigned to
   an action, if that is intended, please spcify TYPE "NONE".
   +++++ warning no. 10270 in program SL_IA
   There are actions defined, but the load case 1009 has not been assigned to
   an action, if that is intended, please spcify TYPE "NONE".
   +++++ warning no. 10270 in program SL_IA
   There are actions defined, but the load case 1010 has not been assigned to
   an action, if that is intended, please spcify TYPE "NONE".
   +++++ warning no. 10270 in program SL_IA
   There are actions defined, but the load case 1011 has not been assigned to
   an action, if that is intended, please spcify TYPE "NONE".
   +++++ warning no. 10270 in program SL_IA
   There are actions defined, but the load case 1012 has not been assigned to
   an action, if that is intended, please spcify TYPE "NONE".
   +++++ warning no. 10270 in program SL_IA
   There are actions defined, but the load case 1013 has not been assigned to
   an action, if that is intended, please spcify TYPE "NONE".
   +++++ warning no. 10270 in program SL_IA
   There are actions defined, but the load case 1014 has not been assigned to
   an action, if that is intended, please spcify TYPE "NONE".
   +++++ warning no. 10270 in program SL_IA
   There are actions defined, but the load case 1015 has not been assigned to
   an action, if that is intended, please spcify TYPE "NONE".
   +++++ warning no. 10270 in program SL_IA
   There are actions defined, but the load case 1016 has not been assigned to
   an action, if that is intended, please spcify TYPE "NONE".
   +++++ warning no. 10270 in program SL_IA
   There are actions defined, but the load case 1017 has not been assigned to
   an action, if that is intended, please spcify TYPE "NONE".
   TIME NEEDED         3, TOTAL         3
   TIME NEEDED         0, TOTAL         3
   DATE       2019-10-08, 16:15:27
   
   
   
    +++++    0 errors and   17 warnings +++++
   *** Stop : Program SOFILOAD urs:1

   *** Start: Program ASE urs:2   
   SOFiSTiK 2018-9.0.11    ASE   - ADVANCED SOLUTION ENGINE
   Output on file sim_31.plb
   Project data base var_31.cdb           -     9. access
   Lastfall  2001
   
   Parameter des Gleichungssystems   3
   (Sparse Direct Solver)
   Anzahl Gleichungen              138
   Profil                         1074
   Profil nach fill in            1587
   TIME NEEDED         2, TOTAL         2
   Lastfall  2002
   
   Parameter des Gleichungssystems   3
   (Sparse Direct Solver)
   Anzahl Gleichungen              138
   Profil                         1074
   Profil nach fill in            1587
   TIME NEEDED         0, TOTAL         2
   Lastfall  2003
   
   Parameter des Gleichungssystems   3
   (Sparse Direct Solver)
   Anzahl Gleichungen              138
   Profil                         1074
   Profil nach fill in            1587
   TIME NEEDED         0, TOTAL         2
   Lastfall  2004
   
   Parameter des Gleichungssystems   3
   (Sparse Direct Solver)
   Anzahl Gleichungen              138
   Profil                         1074
   Profil nach fill in            1587
   TIME NEEDED         0, TOTAL         2
   Lastfall  2005
   
   Parameter des Gleichungssystems   3
   (Sparse Direct Solver)
   Anzahl Gleichungen              138
   Profil                         1074
   Profil nach fill in            1587
   TIME NEEDED         1, TOTAL         3
   Lastfall  2006
   
   Parameter des Gleichungssystems   3
   (Sparse Direct Solver)
   Anzahl Gleichungen              138
   Profil                         1074
   Profil nach fill in            1587
   TIME NEEDED         0, TOTAL         3
   Lastfall  2007
   
   Parameter des Gleichungssystems   3
   (Sparse Direct Solver)
   Anzahl Gleichungen              138
   Profil                         1074
   Profil nach fill in            1587
   TIME NEEDED         0, TOTAL         3
   Lastfall  2008
   
   Parameter des Gleichungssystems   3
   (Sparse Direct Solver)
   Anzahl Gleichungen              138
   Profil                         1074
   Profil nach fill in            1587
   TIME NEEDED         0, TOTAL         3
   Lastfall  2009
   
   Parameter des Gleichungssystems   3
   (Sparse Direct Solver)
   Anzahl Gleichungen              138
   Profil                         1074
   Profil nach fill in            1587
   TIME NEEDED         0, TOTAL         3
   Lastfall  2010
   
   Parameter des Gleichungssystems   3
   (Sparse Direct Solver)
   Anzahl Gleichungen              138
   Profil                         1074
   Profil nach fill in            1587
   TIME NEEDED         0, TOTAL         3
   Lastfall  2011
   
   Parameter des Gleichungssystems   3
   (Sparse Direct Solver)
   Anzahl Gleichungen              138
   Profil                         1074
   Profil nach fill in            1587
   TIME NEEDED         0, TOTAL         3
   Lastfall  2012
   
   Parameter des Gleichungssystems   3
   (Sparse Direct Solver)
   Anzahl Gleichungen              138
   Profil                         1074
   Profil nach fill in            1587
   TIME NEEDED         0, TOTAL         3
   Lastfall  2013
   
   Parameter des Gleichungssystems   3
   (Sparse Direct Solver)
   Anzahl Gleichungen              138
   Profil                         1074
   Profil nach fill in            1587
   TIME NEEDED         0, TOTAL         3
   Lastfall  2014
   
   Parameter des Gleichungssystems   3
   (Sparse Direct Solver)
   Anzahl Gleichungen              138
   Profil                         1074
   Profil nach fill in            1587
   TIME NEEDED         0, TOTAL         3
   Lastfall  2015
   
   Parameter des Gleichungssystems   3
   (Sparse Direct Solver)
   Anzahl Gleichungen              138
   Profil                         1074
   Profil nach fill in            1587
   TIME NEEDED         0, TOTAL         3
   Lastfall  2016
   
   Parameter des Gleichungssystems   3
   (Sparse Direct Solver)
   Anzahl Gleichungen              138
   Profil                         1074
   Profil nach fill in            1587
   TIME NEEDED         0, TOTAL         3
   Lastfall  2017
   
   Parameter des Gleichungssystems   3
   (Sparse Direct Solver)
   Anzahl Gleichungen              138
   Profil                         1074
   Profil nach fill in            1587
   TIME NEEDED         0, TOTAL         3
   TIME NEEDED         0, TOTAL         3
   DATE       2019-10-08, 16:15:30
   *** Stop : Program ASE urs:2
   *** End of Calculation!