 SOFiSTiK AG - Educational-Version -
 AQB    - BEMESSUNG  QUERSCHNITTE V 2018-8.0          5.12.19          Seite:      
 
 
 
    1 +PROG AQB
    2 $ Dat : C:\...\PycharmProjects\wisib\SOFI\esslingen.dat  (#007)     05.12.2019
    3 $ Job : BCI101:000898                                                    10:52
    4 KOPF DEHNUNGEN ERMITTELN
    5 ECHO QUER,DEHN VOLL
    6 LF 3
    7 DEHN S1 KSV CAL KSB CAL
 
      +++++ Warnung Nr.  2055 in Programm AQBEI ; Eingabezeile:    7
      DEHN S1/K1 sind nur erlaubt, wenn mit PROG AQB ITER auch eine Iteration erfolgt
      Da sich Fehleingaben gehäuft haben, wird jetzt diese Warnung in jedem Falle ausgegeben.
      Bitte mit STEU WARN 2055 deaktivieren, falls die Anwendung korrekt ist
    8 ENDE
 
      SOFiSTiK AG - Educational-Version -
      AQB    - BEMESSUNG  QUERSCHNITTE V 2018-8.0          5.12.19          Seite:    27
 
      
      Dehnungen ermitteln
 
 
      Standardnorm ist DIN 1045 (1988) (Germany) V 2018
 
      Materialien 
       Mat Materialbezeichnung             
        35 C 35/45 (DIN 1045-1)            
       420 BSt 420 (DIN 1045)              
 
      Schlaffe Bewehrung wird bei Querschnitten so wie in AQUA berücksichtigt
      Speicherung der Bewehrung als Bemessungsfall   1
 
      Untersuchte Lastfälle 
        LF ACT    REF    BA      Bezeichnung                     
         3 G                     Eigengewicht G0 -z              
 
      Schnitte und deren Querschnittswerte 
         Stab    x[m] Querschnitt      A[m2]   yc[m]   zc[m]    Iyz[m4]     Iy[m4]     Iz[m4]  ycr[m]  zcr[m]
         1001   0.000 Brutto       5.025E+00   0.174   0.278  -2.51E-01  1.653E-01  3.036E+01   0.174   0.278
                0.120 Brutto       5.025E+00   0.174   0.278  -2.51E-01  1.653E-01  3.036E+01   0.174   0.278
         1002   0.000 Brutto       5.025E+00   0.174   0.278  -2.51E-01  1.653E-01  3.036E+01   0.174   0.278
                1.380 Brutto       5.025E+00   0.174   0.278  -2.51E-01  1.653E-01  3.036E+01   0.174   0.278
         1003   0.000 Brutto       5.025E+00   0.174   0.278  -2.51E-01  1.653E-01  3.036E+01   0.174   0.278
                1.380 Brutto       5.025E+00   0.174   0.278  -2.51E-01  1.653E-01  3.036E+01   0.174   0.278
         1004   0.000 Brutto       5.025E+00   0.174   0.278  -2.51E-01  1.653E-01  3.036E+01   0.174   0.278
                1.380 Brutto       5.025E+00   0.174   0.278  -2.51E-01  1.653E-01  3.036E+01   0.174   0.278
         1005   0.000 Brutto       5.025E+00   0.174   0.278  -2.51E-01  1.653E-01  3.036E+01   0.174   0.278
                1.380 Brutto       5.025E+00   0.174   0.278  -2.51E-01  1.653E-01  3.036E+01   0.174   0.278
         1006   0.000 Brutto       5.025E+00   0.174   0.278  -2.51E-01  1.653E-01  3.036E+01   0.174   0.278
                1.380 Brutto       5.025E+00   0.174   0.278  -2.51E-01  1.653E-01  3.036E+01   0.174   0.278
         1007   0.000 Brutto       5.025E+00   0.174   0.278  -2.51E-01  1.653E-01  3.036E+01   0.174   0.278
                1.380 Brutto       5.025E+00   0.174   0.278  -2.51E-01  1.653E-01  3.036E+01   0.174   0.278
         1008   0.000 Brutto       5.025E+00   0.174   0.278  -2.51E-01  1.653E-01  3.036E+01   0.174   0.278
                1.380 Brutto       5.025E+00   0.174   0.278  -2.51E-01  1.653E-01  3.036E+01   0.174   0.278
         1009   0.000 Brutto       5.025E+00   0.174   0.278  -2.51E-01  1.653E-01  3.036E+01   0.174   0.278
                1.380 Brutto       5.025E+00   0.174   0.278  -2.51E-01  1.653E-01  3.036E+01   0.174   0.278
         1010   0.000 Brutto       5.025E+00   0.174   0.278  -2.51E-01  1.653E-01  3.036E+01   0.174   0.278
                1.380 Brutto       5.025E+00   0.174   0.278  -2.51E-01  1.653E-01  3.036E+01   0.174   0.278
         1011   0.000 Brutto       5.025E+00   0.174   0.278  -2.51E-01  1.653E-01  3.036E+01   0.174   0.278
                1.380 Brutto       5.025E+00   0.174   0.278  -2.51E-01  1.653E-01  3.036E+01   0.174   0.278
         1012   0.000 Brutto       5.025E+00   0.174   0.278  -2.51E-01  1.653E-01  3.036E+01   0.174   0.278
                1.320 Brutto       5.025E+00   0.174   0.278  -2.51E-01  1.653E-01  3.036E+01   0.174   0.278
         1013   0.000 Brutto       5.025E+00   0.174   0.278  -2.51E-01  1.653E-01  3.036E+01   0.174   0.278
                1.320 Brutto       5.025E+00   0.174   0.278  -2.51E-01  1.653E-01  3.036E+01   0.174   0.278
         1014   0.000 Brutto       5.025E+00   0.174   0.278  -2.51E-01  1.653E-01  3.036E+01   0.174   0.278
                1.320 Brutto       5.025E+00   0.174   0.278  -2.51E-01  1.653E-01  3.036E+01   0.174   0.278
         1015   0.000 Brutto       5.025E+00   0.174   0.278  -2.51E-01  1.653E-01  3.036E+01   0.174   0.278
                1.320 Brutto       5.025E+00   0.174   0.278  -2.51E-01  1.653E-01  3.036E+01   0.174   0.278
         1016   0.000 Brutto       5.025E+00   0.174   0.278  -2.51E-01  1.653E-01  3.036E+01   0.174   0.278
                1.320 Brutto       5.025E+00   0.174   0.278  -2.51E-01  1.653E-01  3.036E+01   0.174   0.278
         1017   0.000 Brutto       5.025E+00   0.174   0.278  -2.51E-01  1.653E-01  3.036E+01   0.174   0.278
                1.320 Brutto       5.025E+00   0.174   0.278  -2.51E-01  1.653E-01  3.036E+01   0.174   0.278
         1018   0.000 Brutto       5.025E+00   0.174   0.278  -2.51E-01  1.653E-01  3.036E+01   0.174   0.278
                1.320 Brutto       5.025E+00   0.174   0.278  -2.51E-01  1.653E-01  3.036E+01   0.174   0.278
         1019   0.000 Brutto       5.025E+00   0.174   0.278  -2.51E-01  1.653E-01  3.036E+01   0.174   0.278
                1.320 Brutto       5.025E+00   0.174   0.278  -2.51E-01  1.653E-01  3.036E+01   0.174   0.278
         1020   0.000 Brutto       5.025E+00   0.174   0.278  -2.51E-01  1.653E-01  3.036E+01   0.174   0.278
                1.320 Brutto       5.025E+00   0.174   0.278  -2.51E-01  1.653E-01  3.036E+01   0.174   0.278
         1021   0.000 Brutto       5.025E+00   0.174   0.278  -2.51E-01  1.653E-01  3.036E+01   0.174   0.278
                1.320 Brutto       5.025E+00   0.174   0.278  -2.51E-01  1.653E-01  3.036E+01   0.174   0.278
         1032   0.000 Brutto       5.025E+00   0.174   0.278  -2.51E-01  1.653E-01  3.036E+01   0.174   0.278
                0.120 Brutto       5.025E+00   0.174   0.278  -2.51E-01  1.653E-01  3.036E+01   0.174   0.278
 
      SOFiSTiK AG - Educational-Version -
      AQB    - BEMESSUNG  QUERSCHNITTE V 2018-8.0          5.12.19          Seite:    28
 
      
      Dehnungen ermitteln
 
 
      Dehnungszustand 
 
      Parameter zur Dehnungsermittlung 
      Gleichgewichts-Iteration nur der Normalkraft
      Interaktion dünnwandige Normal- und Schubspannungen über Prandtl-Fließregel
      Material Querschnitte mit calculatorischer Arbeitslinie ohne Sicherheitsbeiwerte
      Material Bewehrungen  mit calculatorischer Arbeitslinie ohne Sicherheitsbeiwerte
 
      Angesetzte Materialeigenschaften
       Mat  Anz. Sicherheits   Max.Druck       bei     Max.Zug       bei      Tension-   Verbund
            Temp     beiwert   -spannung   Dehnung   -spannung   Dehnung    stiffening    faktor
                         [-]       [MPa]    [o/oo]       [MPa]    [o/oo]         [MPa]       [-]
        35     0       1.000      -25.29     -2.40        0.00      0.00 fc,t =   0.00
       420     0       1.000     -420.00     -2.00      420.00      2.00              
 
      Dehnungszustand 
         Stab    x[m]  QNr   LF        Ni      Myi      Mzi      yn     zn  σ-min    σ-s    σ-t      Ey-eff
                                     [kN]    [kNm]    [kNm]     [m]    [m]  [MPa]  [MPa]  [MPa]       [MPa]
                                      ε-0       ky       kz    fact      ε  σ-max    σ-s    σ-t      Ez-eff
                                   [o/oo]   [1/km]   [1/km]     [-] [o/oo]  [MPa]  [MPa]  [MPa]       [MPa]
         1001   0.000  100    3       0.0     0.00     0.00     -.-    -.-   0.00   0.00              29879
                                    0.000    0.000    0.000          0.000   0.00   0.00              29878
                0.120  100    3      -6.1    -1.64     0.05  33.782  0.280  -0.00  -0.01              29879
                                    0.000   -0.000    0.000          0.000   0.00   0.01              29878
         1002   0.000  100    3       2.5    10.85   340.73   2.040  1.079  -0.05  -0.28              29879
                                    0.001   -0.001    0.000         -0.002   0.00   0.65              29878
                1.380  100    3       4.8  1344.46   663.75  57.340  0.321  -2.20 -12.46              50509
                                   -0.007    0.162   -0.001         -0.069   0.00   8.47              29878
         1003   0.000  100    3       4.8  1344.46   663.75  57.340  0.321  -2.20 -12.46              50509
                                   -0.007    0.162   -0.001         -0.069   0.00   8.47              29878
                1.380  100    3       7.6  2267.08   735.93  46.715  0.323  -3.60 -20.93              50109
                                   -0.012    0.275   -0.002         -0.116   0.00  14.60              29878
         1004   0.000  100    3       7.6  2267.08   735.93  46.715  0.323  -3.60 -20.93              50109
                                   -0.012    0.275   -0.002         -0.116   0.00  14.60              29878
                1.380  100    3       9.0  2783.95   749.41  44.136  0.323  -4.36 -25.74              49885
                                   -0.015    0.339   -0.002         -0.142   0.00  18.06              29878
         1005   0.000  100    3       9.0  2783.95   749.41  44.136  0.323  -4.36 -25.74              49885
                                   -0.015    0.339   -0.002         -0.142   0.00  18.06              29878
                1.380  100    3       9.3  2905.90   709.55  43.015  0.324  -4.53 -26.85              49831
                                   -0.016    0.355   -0.003         -0.148   0.00  18.92              29878
         1006   0.000  100    3       9.3  2905.90   709.55  43.015  0.324  -4.53 -26.85              49831
                                   -0.016    0.355   -0.003         -0.148   0.00  18.92              29878
                1.380  100    3       8.5  2635.49   616.82  42.446  0.323  -4.13 -24.23              49947
                                   -0.014    0.321   -0.002         -0.134   0.00  17.17              29878
         1007   0.000  100    3       8.5  2635.49   616.82  42.446  0.323  -4.13 -24.23              49947
                                   -0.014    0.321   -0.002         -0.134   0.00  17.17              29878
                1.380  100    3       6.6  1967.02   466.80  42.320  0.322  -3.12 -17.93              50231
                                   -0.010    0.238   -0.002         -0.099   0.00  12.79              29878
         1008   0.000  100    3       6.6  1967.02   466.80  42.320  0.322  -3.12 -17.93              50231
                                   -0.010    0.238   -0.002         -0.099   0.00  12.79              29878
                1.380  100    3       3.2   886.57   249.98  43.913  0.320  -1.44  -8.00              50685
                                   -0.004    0.106   -0.001         -0.044   0.00   5.72              29878
         1009   0.000  100    3       3.2   886.57   249.98  43.913  0.320  -1.44  -8.00              50685
                                   -0.004    0.106   -0.001         -0.044   0.00   5.72              29878
                1.380  100    3       8.9   -90.68   256.89  59.174  0.530  -0.26  -0.83               7911
                                              Mt-i    52.27     fac   1.00                G-eff        3310
                                    0.019   -0.075    0.001         -0.008   0.00   8.76              29878
         1010   0.000  100    3       8.9   -90.68   256.89  59.174  0.530  -0.26  -0.83               7911
                                              Mt-i    52.27     fac   1.00                G-eff        3310
                                    0.019   -0.075    0.001         -0.008   0.00   8.76              29878
 
      SOFiSTiK AG - Educational-Version -
      AQB    - BEMESSUNG  QUERSCHNITTE V 2018-8.0          5.12.19          Seite:    29
 
      
      Dehnungen ermitteln
 
 
      Dehnungszustand 
         Stab    x[m]  QNr   LF        Ni      Myi      Mzi      yn     zn  σ-min    σ-s    σ-t      Ey-eff
                                     [kN]    [kNm]    [kNm]     [m]    [m]  [MPa]  [MPa]  [MPa]       [MPa]
                                      ε-0       ky       kz    fact      ε  σ-max    σ-s    σ-t      Ez-eff
                                   [o/oo]   [1/km]   [1/km]     [-] [o/oo]  [MPa]  [MPa]  [MPa]       [MPa]
         1010   1.380  100    3      -0.0  -379.54   940.43  63.925  0.528  -1.03  -3.31               8075
                                              Mt-i    68.64     fac   1.00                G-eff        3378
                                    0.076   -0.305    0.003         -0.031   0.00  35.91              29878
         1011   0.000  100    3      -0.0  -379.54   940.43  63.925  0.528  -1.03  -3.31               8075
                                              Mt-i    68.64     fac   1.00                G-eff        3378
                                    0.076   -0.305    0.003         -0.031   0.00  35.91              29878
                1.380  100    3      -0.1  -727.18  1772.33  64.590  0.528  -1.93  -6.32               8071
                                              Mt-i    85.01     fac   1.00                G-eff        3376
                                    0.145   -0.584    0.005         -0.060   0.00  68.86              29878
         1012   0.000  100    3      -0.1  -727.18  1772.33  64.590  0.528  -1.93  -6.32               8071
                                              Mt-i   -81.68     fac   1.00                G-eff        3376
                                    0.145   -0.584    0.005         -0.060   0.00  68.86              29878
                1.320  100    3      -0.0  -402.90   973.87  65.106  0.528  -1.08  -3.48               8072
                                              Mt-i   -66.02     fac   1.00                G-eff        3377
                                    0.080   -0.323    0.003         -0.033   0.00  38.17              29878
         1013   0.000  100    3      -0.0  -402.90   973.87  65.106  0.528  -1.08  -3.48               8072
                                              Mt-i   -66.02     fac   1.00                G-eff        3377
                                    0.080   -0.323    0.003         -0.033   0.00  38.17              29878
                1.320  100    3      12.8  -131.22   311.61  67.561  0.530  -0.36  -1.11               7890
                                              Mt-i   -50.36     fac   1.00                G-eff        3301
                                    0.027   -0.108    0.001         -0.011   0.00  12.79              29878
         1014   0.000  100    3      12.8  -131.22   311.61  67.561  0.530  -0.36  -1.11               7890
                                              Mt-i   -50.36     fac   1.00                G-eff        3301
                                    0.027   -0.108    0.001         -0.011   0.00  12.79              29878
                1.320  100    3       1.9   523.68    38.53  35.768  0.320  -0.84  -4.61              50821
                                   -0.003    0.063   -0.001         -0.026   0.00   3.46              29878
         1015   0.000  100    3       1.9   523.68    38.53  35.768  0.320  -0.84  -4.61              50821
                                   -0.003    0.063   -0.001         -0.026   0.00   3.46              29878
                1.320  100    3       5.2  1559.71   203.74  37.960  0.322  -2.47 -14.00              50395
                                   -0.008    0.188   -0.002         -0.078   0.00  10.26              29878
         1016   0.000  100    3       5.2  1559.71   203.74  37.960  0.322  -2.47 -14.00              50395
                                   -0.008    0.188   -0.002         -0.078   0.00  10.26              29878
                1.320  100    3       7.2  2216.20   306.33  38.439  0.323  -3.47 -20.08              50119
                                   -0.012    0.269   -0.002         -0.111   0.00  14.59              29878
         1017   0.000  100    3       7.2  2216.20   306.33  38.439  0.323  -3.47 -20.08              50119
                                   -0.012    0.269   -0.002         -0.111   0.00  14.59              29878
                1.320  100    3       8.0  2505.54   353.82  38.642  0.323  -3.90 -22.79              49996
                                   -0.013    0.305   -0.003         -0.126   0.00  16.50              29878
         1018   0.000  100    3       8.0  2505.54   353.82  38.642  0.323  -3.90 -22.79              49996
                                   -0.013    0.305   -0.003         -0.126   0.00  16.50              29878
                1.320  100    3       7.8  2433.27   349.73  38.711  0.323  -3.80 -22.12              50027
                                   -0.013    0.296   -0.002         -0.123   0.00  16.02              29878
         1019   0.000  100    3       7.8  2433.27   349.73  38.711  0.323  -3.80 -22.12              50027
                                   -0.013    0.296   -0.002         -0.123   0.00  16.02              29878
                1.320  100    3       6.6  1997.99   293.31  38.682  0.322  -3.14 -18.06              50212
                                   -0.010    0.242   -0.002         -0.100   0.00  13.14              29878
         1020   0.000  100    3       6.6  1997.99   293.31  38.682  0.322  -3.14 -18.06              50212
                                   -0.010    0.242   -0.002         -0.100   0.00  13.14              29878
                1.320  100    3       4.1  1191.42   179.63  38.568  0.321  -1.90 -10.66              50550
                                   -0.006    0.144   -0.001         -0.059   0.00   7.82              29878
         1021   0.000  100    3       4.1  1191.42   179.63  38.568  0.321  -1.90 -10.66              50550
                                   -0.006    0.144   -0.001         -0.059   0.00   7.82              29878
                1.320  100    3      -6.1    -1.64     0.05  33.781  0.280  -0.00  -0.01              29879
                                    0.000   -0.000    0.000          0.000   0.00   0.01              29878
 
      SOFiSTiK AG - Educational-Version -
      AQB    - BEMESSUNG  QUERSCHNITTE V 2018-8.0          5.12.19          Seite:    30
 
      
      Dehnungen ermitteln
 
 
      Dehnungszustand 
         Stab    x[m]  QNr   LF        Ni      Myi      Mzi      yn     zn  σ-min    σ-s    σ-t      Ey-eff
                                     [kN]    [kNm]    [kNm]     [m]    [m]  [MPa]  [MPa]  [MPa]       [MPa]
                                      ε-0       ky       kz    fact      ε  σ-max    σ-s    σ-t      Ez-eff
                                   [o/oo]   [1/km]   [1/km]     [-] [o/oo]  [MPa]  [MPa]  [MPa]       [MPa]
         1032   0.000  100    3      -6.1    -1.64     0.05  33.782  0.280  -0.00  -0.01              29879
                                    0.000   -0.000    0.000          0.000   0.00   0.01              29878
                0.120  100    3       0.0     0.00     0.00     -.-    -.-   0.00   0.00              29879
                                    0.000    0.000    0.000          0.000   0.00   0.00              29878
 
      Maximalspannungen und überprüfte Grenzwerte 
       Mat Nachweis oder Kriterium                     Wert    Limit Unit      Level     LF     Stab     x[m]
        35 Längsdruckspannung               σ-x       -4.53           MPa                 3     1005    1.380
           Längszugspannung                 σ+x        0.00           MPa                 3     1013    1.320
       420 Längsdruckspannung               σ-x      -26.85           MPa                 3     1005    1.380
           Längszugspannung                 σ+x       68.86           MPa                 3     1011    1.380
 
      Sekanten-Steifigkeiten werden in Datenbasis gespeichert
      Momentendifferenz      0.361
      Kraftdifferenz         0.001
      Kraftdifferenz         0.000
      minimale Steifigkeit   0.010
      maximale Steifigkeit   4.000
      Crisfield Faktoren     0.000
                             1.000
 
      SOFiSTiK AG - Educational-Version -
      AQB    - BEMESSUNG  QUERSCHNITTE V 2018-8.0          5.12.19          Seite:    31
 
      
      Dehnungen ermitteln
 
 
       +++++    0 FEHLER UND    1 WARNUNGEN +++++
 
